Using pre-set license
Built from '2020.2/staging' branch; Version is '2020.2.7f1 (c53830e277f1) revision 12924976'; Using compiler version '192528614'; Build Type 'Release'
OS: 'Windows 10 Home; OS build 19042.1052; Version 2009; 64bit' Language: 'pl' Physical Memory: 32618 MB
BatchMode: 1, IsHumanControllingUs: 0, StartBugReporterOnCrash: 0, Is64bit: 1, IsPro: 0

 COMMAND LINE ARGUMENTS:
E:\Unity\Editors\2020.2.7f1\Editor\Unity.exe
-adb2
-batchMode
-noUpm
-name
AssetImportWorker0
-projectPath
D:/UnityProjects/HexStrategy/HexStrategy/HexStartegy
-logFile
Logs/AssetImportWorker0.log
-srvPort
62534
Successfully changed project path to: D:/UnityProjects/HexStrategy/HexStrategy/HexStartegy
D:/UnityProjects/HexStrategy/HexStrategy/HexStartegy
Using Asset Import Pipeline V2.
Refreshing native plugins compatible for Editor in 20.86 ms, found 0 plugins.
Preloading 0 native plugins for Editor in 0.00 ms.
Initialize engine version: 2020.2.7f1 (c53830e277f1)
[Subsystems] Discovering subsystems at path E:/Unity/Editors/2020.2.7f1/Editor/Data/Resources/UnitySubsystems
[Subsystems] Discovering subsystems at path D:/UnityProjects/HexStrategy/HexStrategy/HexStartegy/Assets
GfxDevice: creating device client; threaded=0
Direct3D:
    Version:  Direct3D 11.0 [level 11.1]
    Renderer: NVIDIA GeForce RTX 2070 (ID=0x1f10)
    Vendor:   
    VRAM:     8031 MB
    Driver:   27.21.14.6089
Initialize mono
Mono path[0] = 'E:/Unity/Editors/2020.2.7f1/Editor/Data/Managed'
Mono path[1] = 'E:/Unity/Editors/2020.2.7f1/Editor/Data/MonoBleedingEdge/lib/mono/unityjit'
Mono config path = 'E:/Unity/Editors/2020.2.7f1/Editor/Data/MonoBleedingEdge/etc'
Using monoOptions --debugger-agent=transport=dt_socket,embedding=1,server=y,suspend=n,address=127.0.0.1:56856
Begin MonoManager ReloadAssembly
Registering precompiled unity dll's ...
Register platform support module: E:/Unity/Editors/2020.2.7f1/Editor/Data/PlaybackEngines/WindowsStandaloneSupport/UnityEditor.WindowsStandalone.Extensions.dll
Registered in 0.001987 seconds.
Native extension for WindowsStandalone target not found
Refreshing native plugins compatible for Editor in 20.06 ms, found 0 plugins.
Preloading 0 native plugins for Editor in 0.00 ms.
Invoked RoslynAnalysisRunner static constructor.
RoslynAnalysisRunner will not be running.
RoslynAnalysisRunner has terminated.
Mono: successfully reloaded assembly
- Completed reload, in  0.758 seconds
Platform modules already initialized, skipping
Registering precompiled user dll's ...
Registered in 0.000516 seconds.
Begin MonoManager ReloadAssembly
Native extension for WindowsStandalone target not found
Refreshing native plugins compatible for Editor in 0.19 ms, found 0 plugins.
Preloading 0 native plugins for Editor in 0.00 ms.
Invoked RoslynAnalysisRunner static constructor.
RoslynAnalysisRunner will not be running.
RoslynAnalysisRunner has terminated.
Mono: successfully reloaded assembly
- Completed reload, in  0.744 seconds
Platform modules already initialized, skipping
========================================================================
Worker process is ready to serve import requests
Launched and connected shader compiler UnityShaderCompiler.exe after 0.07 seconds
Refreshing native plugins compatible for Editor in 0.18 ms, found 0 plugins.
Preloading 0 native plugins for Editor in 0.00 ms.
Unloading 1113 Unused Serialized files (Serialized files now loaded: 0)
System memory in use before: 56.9 MB.
System memory in use after: 56.9 MB.

Unloading 10 unused Assets to reduce memory usage. Loaded Objects now: 1555.
Total: 1.825300 ms (FindLiveObjects: 0.127800 ms CreateObjectMapping: 0.033400 ms MarkObjects: 1.591900 ms  DeleteObjects: 0.070600 ms)

========================================================================
Received Import Request.
  path: Assets/Scenes
  artifactKey: Guid(415155b2158d7184bba532636e0efaa8) Importer(815301076,1909f56bfc062723c751e8b465ee728b)
Start importing Assets/Scenes using Guid(415155b2158d7184bba532636e0efaa8) Importer(815301076,1909f56bfc062723c751e8b465ee728b)  -> (artifact id: '98c6cfc2578e93261a9609cec59deb17') in 0.004757 seconds
  Import took 0.006338 seconds .

========================================================================
Received Import Request.
  Time since last request: 0.000367 seconds.
  path: Assets/Scenes/SampleScene.unity
  artifactKey: Guid(9fc0d4010bbf28b4594072e72b8655ab) Importer(815301076,1909f56bfc062723c751e8b465ee728b)
Start importing Assets/Scenes/SampleScene.unity using Guid(9fc0d4010bbf28b4594072e72b8655ab) Importer(815301076,1909f56bfc062723c751e8b465ee728b)  -> (artifact id: '9e7e0f1d87270bc844b2c421902392ea') in 0.009289 seconds
  Import took 0.010875 seconds .

AssetImportWorkerClient::OnTransportError - code=2 error=End of file
